<?xml version="1.0" encoding="UTF-8"?>
<testng-results ignored="0" total="1" passed="1" failed="0" skipped="0">
  <reporter-output>
  </reporter-output>
  <suite started-at="2021-01-27T18:59:29Z" name="BaseSuite" finished-at="2021-01-27T18:59:51Z" duration-ms="21729">
    <groups>
    </groups>
    <test started-at="2021-01-27T18:59:29Z" name="searchTest" finished-at="2021-01-27T18:59:51Z" duration-ms="21729">
      <class name="myproject.ProjectClass">
        <test-method is-config="true" signature="setUp(java.lang.String)[pri:0, instance:myproject.ProjectClass@7c83dc97]" started-at="2021-01-27T18:59:29Z" name="setUp" finished-at="2021-01-27T18:59:32Z" duration-ms="2410" status="PASS">
          <params>
            <param index="0">
              <value>
                <![CDATA[chrome]]>
              </value>
            </param>
          </params>
          <reporter-output>
          </reporter-output>
        </test-method> <!-- setUp -->
        <test-method signature="searchTest(java.lang.String, java.lang.String)[pri:1, instance:myproject.ProjectClass@7c83dc97]" started-at="2021-01-27T18:59:32Z" name="searchTest" finished-at="2021-01-27T18:59:50Z" duration-ms="18064" status="PASS">
          <params>
            <param index="0">
              <value>
                <![CDATA[TestAut78415855]]>
              </value>
            </param>
            <param index="1">
              <value>
                <![CDATA[Test*011]]>
              </value>
            </param>
          </params>
          <reporter-output>
          </reporter-output>
        </test-method> <!-- searchTest -->
        <test-method is-config="true" signature="closeTest()[pri:0, instance:myproject.ProjectClass@7c83dc97]" started-at="2021-01-27T18:59:50Z" name="closeTest" finished-at="2021-01-27T18:59:51Z" duration-ms="1202" status="PASS">
          <reporter-output>
          </reporter-output>
        </test-method> <!-- closeTest -->
      </class> <!-- myproject.ProjectClass -->
    </test> <!-- searchTest -->
  </suite> <!-- BaseSuite -->
</testng-results>
