<?xml version="1.0" encoding="UTF-8"?>
<!-- Generated by org.testng.reporters.JUnitXMLReporter -->
<testsuite ignored="0" hostname="DESKTOP-HEKIDRP" failures="1" tests="1" name="searchTest" time="25.706" errors="0" timestamp="27 Jan 2021 22:11:25 GMT">
  <testcase classname="myproject.ProjectClass" name="searchTest" time="21.309">
    <failure type="java.lang.AssertionError" message="expected [Your Tweet was sent.] but found [Your Tweet was deleted]">
      <![CDATA[java.lang.AssertionError: expected [Your Tweet was sent.] but found [Your Tweet was deleted]
at myproject.ProjectClass.searchTest(ProjectClass.java:187)
... Removed 31 stack frames]]>
    </failure>
  </testcase> <!-- searchTest -->
</testsuite> <!-- searchTest -->
